<?xml version="1.0" encoding="UTF-8"?>
<coverage generated="1530585611431" clover="3.2.0">
  <project timestamp="1530585611431" name="All files">
    <metrics statements="5" coveredstatements="5" conditionals="4" coveredconditionals="4" methods="2" coveredmethods="2" elements="11" coveredelements="11" complexity="0" loc="5" ncloc="5" packages="1" files="1" classes="1">
      <file name="cats.js" path="/home/symeshjb/workspace/ruru/react-redux/client/reducers/cats.js">
        <metrics statements="5" coveredstatements="5" conditionals="4" coveredconditionals="4" methods="2" coveredmethods="2"/>
        <line num="1" count="1" type="stmt"/>
        <line num="8" count="4" type="cond" truecount="3" falsecount="0"/>
        <line num="10" count="2" type="stmt"/>
        <line num="12" count="3" type="stmt"/>
        <line num="14" count="1" type="stmt"/>
      </file>
    </metrics>
  </project>
</coverage>
