{"/home/symeshjb/workspace/ruru/react-redux/client/reducers/cats.js": {"path":"/home/symeshjb/workspace/ruru/react-redux/client/reducers/cats.js","statementMap":{"0":{"start":{"line":1,"column":27},"end":{"line":5,"column":1}},"1":{"start":{"line":8,"column":2},"end":{"line":15,"column":3}},"2":{"start":{"line":10,"column":6},"end":{"line":10,"column":35}},"3":{"start":{"line":12,"column":6},"end":{"line":12,"column":57}},"4":{"start":{"line":12,"column":33},"end":{"line":12,"column":56}},"5":{"start":{"line":14,"column":6},"end":{"line":14,"column":18}}},"fnMap":{"0":{"name":"reducer","decl":{"start":{"line":7,"column":9},"end":{"line":7,"column":16}},"loc":{"start":{"line":7,"column":47},"end":{"line":16,"column":1}},"line":7},"1":{"name":"(anonymous_1)","decl":{"start":{"line":12,"column":26},"end":{"line":12,"column":27}},"loc":{"start":{"line":12,"column":33},"end":{"line":12,"column":56}},"line":12}},"branchMap":{"0":{"loc":{"start":{"line":7,"column":18},"end":{"line":7,"column":37}},"type":"default-arg","locations":[{"start":{"line":7,"column":26},"end":{"line":7,"column":37}}],"line":7},"1":{"loc":{"start":{"line":8,"column":2},"end":{"line":15,"column":3}},"type":"switch","locations":[{"start":{"line":9,"column":4},"end":{"line":10,"column":35}},{"start":{"line":11,"column":4},"end":{"line":12,"column":57}},{"start":{"line":13,"column":4},"end":{"line":14,"column":18}}],"line":8}},"s":{"0":1,"1":4,"2":2,"3":1,"4":3,"5":1},"f":{"0":4,"1":3},"b":{"0":[3],"1":[2,1,1]},"_coverageSchema":"332fd63041d2c1bcb487cc26dd0d5f7d97098a6c","hash":"81907d9572edaf958cf6ee2e68ab17a48b2257c3"}
}
