TN:
SF:/home/symeshjb/workspace/frontEndTesting/knexfile.js
FNF:0
FNH:0
DA:3,1
LF:1
LH:1
BRF:0
BRH:0
end_of_record
TN:
SF:/home/symeshjb/workspace/frontEndTesting/client/actions/greetings.js
FN:3,(anonymous_0)
FN:10,getGreetings
FN:11,(anonymous_2)
FN:14,(anonymous_3)
FNF:4
FNH:4
FNDA:1,(anonymous_0)
FNDA:2,getGreetings
FNDA:2,(anonymous_2)
FNDA:1,(anonymous_3)
DA:3,2
DA:4,1
DA:11,2
DA:12,2
DA:15,1
DA:16,1
DA:17,1
DA:19,0
LF:8
LH:7
BRDA:15,0,0,1
BRDA:15,0,1,0
BRF:2
BRH:1
end_of_record
TN:
SF:/home/symeshjb/workspace/frontEndTesting/client/components/App.jsx
FN:5,(anonymous_0)
FNF:1
FNH:1
FNDA:1,(anonymous_0)
DA:5,1
DA:6,1
LF:2
LH:2
BRF:0
BRH:0
end_of_record
TN:
SF:/home/symeshjb/workspace/frontEndTesting/client/components/Greetings.js
FN:6,(anonymous_0)
FN:10,(anonymous_1)
FN:12,(anonymous_2)
FN:17,(anonymous_3)
FNF:4
FNH:4
FNDA:1,(anonymous_0)
FNDA:2,(anonymous_1)
FNDA:2,(anonymous_2)
FNDA:1,(anonymous_3)
DA:6,3
DA:7,1
DA:10,3
DA:11,2
DA:12,2
DA:17,3
DA:18,1
LF:7
LH:7
BRF:0
BRH:0
end_of_record
TN:
SF:/home/symeshjb/workspace/frontEndTesting/client/reducers/greetings.js
FN:1,greetings
FNF:1
FNH:1
FNDA:2,greetings
DA:2,2
DA:4,1
DA:6,1
LF:3
LH:3
BRDA:1,0,0,2
BRDA:2,1,0,1
BRDA:2,1,1,1
BRF:3
BRH:3
end_of_record
TN:
SF:/home/symeshjb/workspace/frontEndTesting/migrations/20170601194049_greetings.js
FN:1,(anonymous_0)
FN:2,(anonymous_1)
FN:8,(anonymous_2)
FNF:3
FNH:2
FNDA:1,(anonymous_0)
FNDA:1,(anonymous_1)
FNDA:0,(anonymous_2)
DA:1,1
DA:2,1
DA:3,1
DA:4,1
DA:8,1
DA:9,0
LF:6
LH:5
BRF:0
BRH:0
end_of_record
TN:
SF:/home/symeshjb/workspace/frontEndTesting/seeds/populateGreetings.js
FN:1,(anonymous_0)
FN:4,(anonymous_1)
FNF:2
FNH:2
FNDA:1,(anonymous_0)
FNDA:1,(anonymous_1)
DA:1,1
DA:3,1
DA:6,1
LF:3
LH:3
BRF:0
BRH:0
end_of_record
TN:
SF:/home/symeshjb/workspace/frontEndTesting/server/server.js
FNF:0
FNH:0
DA:1,1
DA:2,1
DA:3,1
DA:4,1
DA:6,1
DA:8,1
DA:10,1
DA:12,1
DA:13,1
DA:15,1
DA:17,1
LF:11
LH:11
BRF:0
BRH:0
end_of_record
TN:
SF:/home/symeshjb/workspace/frontEndTesting/server/db/connection.js
FNF:0
FNH:0
DA:1,1
DA:2,1
DA:3,1
DA:5,1
LF:4
LH:4
BRDA:1,0,0,1
BRDA:1,0,1,0
BRF:2
BRH:1
end_of_record
TN:
SF:/home/symeshjb/workspace/frontEndTesting/server/db/greeting.js
FN:3,(anonymous_0)
FNF:1
FNH:1
FNDA:1,(anonymous_0)
DA:1,1
DA:3,1
DA:4,1
DA:5,1
DA:9,1
LF:5
LH:5
BRDA:4,0,0,1
BRDA:4,0,1,0
BRF:2
BRH:1
end_of_record
TN:
SF:/home/symeshjb/workspace/frontEndTesting/server/routes/greeting.js
FN:6,(anonymous_0)
FN:8,(anonymous_1)
FNF:2
FNH:2
FNDA:1,(anonymous_0)
FNDA:1,(anonymous_1)
DA:1,1
DA:2,1
DA:4,1
DA:6,1
DA:7,1
DA:9,1
DA:13,1
LF:7
LH:7
BRF:0
BRH:0
end_of_record
TN:
SF:/home/symeshjb/workspace/frontEndTesting/test/client/setup-dom.js
FNF:0
FNH:0
DA:1,3
DA:3,3
DA:5,3
DA:7,3
DA:8,3
DA:9,3
LF:6
LH:6
BRF:0
BRH:0
end_of_record
TN:
SF:/home/symeshjb/workspace/frontEndTesting/test/server/test-environment.js
FN:7,(anonymous_0)
FN:11,(anonymous_1)
FN:13,(anonymous_2)
FN:19,(anonymous_3)
FNF:4
FNH:4
FNDA:1,(anonymous_0)
FNDA:1,(anonymous_1)
FNDA:1,(anonymous_2)
FNDA:1,(anonymous_3)
DA:1,1
DA:3,1
DA:5,1
DA:7,1
DA:12,1
DA:14,1
DA:20,1
LF:7
LH:7
BRF:0
BRH:0
end_of_record
